
[36m--------------------------------------------------------------------------------[0m
[33musername : SOHEILSH79 | firstname : SOHEIL | lastname : unknown [0m[34m >> [0m[32mSTARTS[0m
[36m--------------------------------------------------------------------------------[0m
[33musername : SOHEILSH79 | firstname : SOHEIL | lastname : unknown [0m[34m >> [0m[32mSTARTS[0m
[36m--------------------------------------------------------------------------------[0m
[33musername : SOHEILSH79 | firstname : SOHEIL | lastname : unknown [0m[34m >> [0m[32mSTARTS[0m
[36m--------------------------------------------------------------------------------[0m
[33musername : SOHEILSH79 | firstname : SOHEIL | lastname : unknown [0m[34m >> [0m[32mSTARTS[0m
[36m--------------------------------------------------------------------------------[0m
[33musername : SOHEILSH79 | firstname : SOHEIL | lastname : unknown [0m[34m >> [0m[32mSTARTS[0m
[36m--------------------------------------------------------------------------------[0m
[33musername : SOHEILSH79 | firstname : SOHEIL | lastname : unknown [0m[34m >> [0m[32mSTARTS[0m
[36m--------------------------------------------------------------------------------[0m
[33musername : SOHEILSH79 | firstname : SOHEIL | lastname : unknown [0m[34m >> [0m[32mSTARTS[0m
[36m--------------------------------------------------------------------------------[0m
[33musername : SOHEILSH79 | firstname : SOHEIL | lastname : unknown [0m[34m >> [0m[32mSTARTS[0m
[36m--------------------------------------------------------------------------------[0m
[33musername : SOHEILSH79 | firstname : SOHEIL | lastname : unknown [0m[34m >> [0m[32mSTARTS[0m
[36m--------------------------------------------------------------------------------[0m
[33musername : SOHEILSH79 | firstname : SOHEIL | lastname : unknown [0m[34m >> [0m[32mSTARTS[0m
[36m--------------------------------------------------------------------------------[0m
[33musername : SOHEILSH79 | firstname : SOHEIL | lastname : unknown [0m[34m >> [0m[32mSTARTS[0m
[36m--------------------------------------------------------------------------------[0m
[33musername : SOHEILSH79 | firstname : SOHEIL | lastname : unknown [0m[34m >> [0m[32mSTARTS[0m
[36m--------------------------------------------------------------------------------[0m
[33musername : SOHEILSH79 | firstname : SOHEIL | lastname : unknown [0m[34m >> [0m[32mSTARTS[0m
[36m--------------------------------------------------------------------------------[0m
[33musername : SOHEILSH79 | firstname : SOHEIL | lastname : unknown [0m[34m >> [0m[32mSTARTS[0m
[36m--------------------------------------------------------------------------------[0m
[33musername : SOHEILSH79 | firstname : SOHEIL | lastname : unknown [0m[34m >> [0m[32mSTARTS[0m
[36m--------------------------------------------------------------------------------[0m
[33musername : SOHEILSH79 | firstname : SOHEIL | lastname : unknown [0m[34m >> [0m[32mSTARTS[0m
[36m--------------------------------------------------------------------------------[0m
[33musername : SOHEILSH79 | firstname : SOHEIL | lastname : unknown [0m[34m >> [0m[32mSTARTS[0m
[36m--------------------------------------------------------------------------------[0m
[33musername : SOHEILSH79 | firstname : SOHEIL | lastname : unknown [0m[34m >> [0m[32mSTARTS[0m
[36m--------------------------------------------------------------------------------[0m
[33musername : SOHEILSH79 | firstname : SOHEIL | lastname : unknown [0m[34m >> [0m[32mSTARTS[0m
[36m--------------------------------------------------------------------------------[0m
[33musername : SOHEILSH79 | firstname : SOHEIL | lastname : unknown [0m[34m >> [0m[32mSTARTS[0m
[36m--------------------------------------------------------------------------------[0m
[33musername : SOHEILSH79 | firstname : SOHEIL | lastname : unknown [0m[34m >> [0m[32mSTARTS[0m
[36m--------------------------------------------------------------------------------[0m
[33musername : SOHEILSH79 | firstname : SOHEIL | lastname : unknown [0m[34m >> [0m[32mSTARTS[0m
[36m--------------------------------------------------------------------------------[0m
[33musername : SOHEILSH79 | firstname : SOHEIL | lastname : unknown [0m[34m >> [0m[32mSTARTS[0m
[36m--------------------------------------------------------------------------------[0m
[33musername : SOHEILSH79 | firstname : SOHEIL | lastname : unknown [0m[34m >> [0m[32mSTARTS[0m
[36m--------------------------------------------------------------------------------[0m
[33musername : SOHEILSH79 | firstname : SOHEIL | lastname : unknown [0m[34m >> [0m[32mSTARTS[0m
[36m--------------------------------------------------------------------------------[0m
[33musername : SOHEILSH79 | firstname : SOHEIL | lastname : unknown [0m[34m >> [0m[32mSTARTS[0m
[36m--------------------------------------------------------------------------------[0m
[33musername : SOHEILSH79 | firstname : SOHEIL | lastname : unknown [0m[34m >> [0m[32mSTARTS[0m
[36m--------------------------------------------------------------------------------[0m
[33musername : SOHEILSH79 | firstname : SOHEIL | lastname : unknown [0m[34m >> [0m[32mSTARTS[0m
[36m--------------------------------------------------------------------------------[0m
[33musername : SOHEILSH79 | firstname : SOHEIL | lastname : unknown [0m[34m >> [0m[32mSTARTS[0m
[36m--------------------------------------------------------------------------------[0m
[33musername : SOHEILSH79 | firstname : SOHEIL | lastname : unknown [0m
[34m >> [0m[32mSTARTS[0m
[36m--------------------------------------------------------------------------------[0m
[33musername : SOHEILSH79 | firstname : SOHEIL | lastname : unknown [0m
[34m >> [0m[32m 'username : SOHEILSH79 | firstname : SOHEIL | lastname : unknown ' added voice named 'hell yea' with file_id AwACAgQAAxkBAAICul-dy6_2NbTuotKRr1oAAdxw7wkw6AACdQoAAkyS8VDzePPTspL8HRsE [0m
[36m--------------------------------------------------------------------------------[0m
[33musername : SOHEILSH79 | firstname : SOHEIL | lastname : unknown [0m
[34m >> [0m[32mSTARTS[0m
[36m--------------------------------------------------------------------------------[0m
[33musername : SOHEILSH79 | firstname : SOHEIL | lastname : unknown [0m
[34m >> [0m[32m added voice named 'salam' with file_id AwACAgQAAxkBAAICw1-dzAxy67UpTtG9DZL1U0TTArjfAAJ2CgACTJLxUA6aAAFq0jFnZRsE [0m
[36m--------------------------------------------------------------------------------[0m
[33musername : SOHEILSH79 | firstname : SOHEIL | lastname : unknown [0m
[34m >> [0m[32m added voice named 'knock' 
 with file_id AwACAgQAAxkBAAICyl-dzEzZ38Ta_-ggZVbvKe1Z3C93AAJ3CgACTJLxUDpTYq8wEz_cGwQ [0m
[36m--------------------------------------------------------------------------------[0m
[33musername : SOHEILSH79 | firstname : SOHEIL | lastname : unknown [0m
[34m >> [0m[32m added voice named 'still testing' 
 with file_id AwACAgQAAxkBAAIC0V-dzPJZ8g6jYEarNkJazFSy1qBiAAJ4CgACTJLxUBLktxi7TC97GwQ [0m
[36m--------------------------------------------------------------------------------[0m
[33musername : SOHEILSH79 | firstname : SOHEIL | lastname : unknown [0m
[34m >> [0m[32mSTARTS[0m
[36m--------------------------------------------------------------------------------[0m
[33musername : SOHEILSH79 | firstname : SOHEIL | lastname : unknown [0m
[34m >> [0m[32mSTARTS[0m
[36m--------------------------------------------------------------------------------[0m
[33musername : SOHEILSH79 | firstname : SOHEIL | lastname : unknown [0m
[34m >> [0m[32m added voice named 'mamad' 
 with file_id AwACAgQAAxkBAAIC3F-eOFvrIIP3ibr8j4MkNeztrt5qAAJSBwACwqbxUCTyS_uRvwKgHgQ [0m
[36m--------------------------------------------------------------------------------[0m
[33musername : SOHEILSH79 | firstname : SOHEIL | lastname : unknown [0m
[34m >> [0m[32mSTARTS[0m
[36m--------------------------------------------------------------------------------[0m
[33musername : SOHEILSH79 | firstname : SOHEIL | lastname : unknown [0m
[34m >> [0m[32m added voice named 'all test' 
 with file_id AwACAgQAAxkBAAIC7V-eO_axbsouudjJ-w1stbsdA2ctAAJUBwACwqbxUERjdC8Ne4mNHgQ [0m
[35m2020-11-01 08:19:24.425650[0m
[36m--------------------------------------------------------------------------------[0m
[33musername : SOHEILSH79 | firstname : SOHEIL | lastname : unknown [0m
[34m >> [0m[32mSTARTS[0m
[36m--------------------------------------------------------------------------------[0m[35m2020-11-01 08:20:17.136340[0m
[36m--------------------------------------------------------------------------------[0m
[33musername : SOHEILSH79 | firstname : SOHEIL | lastname : unknown [0m
[34m >> [0m[32m added voice named 'Ø³Ù„Ø§Ù…' 
 with file_id AwACAgQAAxkBAAIC9l-ePoakUO5c-53woaQxIw6YNKjHAAJkkAQAAfuiAwcKyxQu4w-YLR4E [0m
[36m--------------------------------------------------------------------------------[0m[35m2020-11-01 09:06:33.554086[0m
[36m--------------------------------------------------------------------------------[0m
[33musername : SOHEILSH79 | firstname : SOHEIL | lastname : unknown [0m
[34m >> [0m[32mSTARTS[0m
[36m--------------------------------------------------------------------------------[0m[35m2020-11-01 09:07:17.464243[0m
[36m--------------------------------------------------------------------------------[0m
[33musername : SOHEILSH79 | firstname : SOHEIL | lastname : unknown [0m
[34m >> [0m[32m added voice named 'Ø³Ù„Ø§Ù…' 
 with file_id AwACAgQAAxkBAAIC_1-eSYdQha-1STJjnCj36Fk76JevAAKojwQAAfuiAwcIXZ6hJJdQAR4E [0m
[36m--------------------------------------------------------------------------------[0m[35m2020-11-01 09:16:50.441355[0m
[36m--------------------------------------------------------------------------------[0m
[33musername : SOHEILSH79 | firstname : SOHEIL | lastname : unknown [0m
[34m >> [0m[32mSTARTS[0m
[36m--------------------------------------------------------------------------------[0m[35m2020-11-01 09:17:26.653669[0m
[36m--------------------------------------------------------------------------------[0m
[33musername : SOHEILSH79 | firstname : SOHEIL | lastname : unknown [0m
[34m >> [0m[32m added voice named 'Ø®Ø¯Ø§Ø­Ø§ÙØ¸' 
 with file_id AwACAgQAAxkBAAIDCF-eS-3Jm-mIdruCBurHk8pkVAECAAJWBAACJwABAVF3fN10iZ1gNR4E [0m
[36m--------------------------------------------------------------------------------[0m[35m2020-11-01 09:20:50.698323[0m
[36m--------------------------------------------------------------------------------[0m
[33musername : SOHEILSH79 | firstname : SOHEIL | lastname : unknown [0m
[34m >> [0m[32m added voice named 'Ø§Ù„Ù„Ù‡ Ø§Ú©Ø¨Ø± Ø§Ø² Ø§ÛŒÙ† Ù‡Ù…Ù‡ ...' 
 with file_id AwACAgQAAxkBAAIDD1-eTLjzgfyeLO3LsWxoNNZ8jIq2AAKNBgACW12wUMzCSLK5KcLRHgQ [0m
[36m--------------------------------------------------------------------------------[0m[35m2020-11-01 12:50:07.880983[0m
[36m--------------------------------------------------------------------------------[0m
[33musername : SOHEILSH79 | firstname : SOHEIL | lastname : unknown [0m
[34m >> [0m[32m added voice named 'Ù…Ù† Ø¢Ù…Ø¯Ù‡ Ø§Ù…' 
 with file_id AwACAgQAAxkBAAIDFl-efcOx50cxzy3PVX9e66K-EV8ZAAI0FgUAAfuiAwfCblBpy36jmh4E [0m
[36m--------------------------------------------------------------------------------[0m[35m2020-11-01 12:50:40.703386[0m
[36m--------------------------------------------------------------------------------[0m
[33musername : SOHEILSH79 | firstname : SOHEIL | lastname : unknown [0m
[34m >> [0m[32m added voice named 'Hello' 
 with file_id AwACAgQAAxkBAAIDHV-efecr3VMX5nPOnMGxlVYs3h4HAAKDKwUAAfuiAwe_h6JhX49BRh4E [0m
[36m--------------------------------------------------------------------------------[0m[35m2020-11-01 12:52:01.659353[0m
[36m--------------------------------------------------------------------------------[0m
[33musername : SOHEILSH79 | firstname : SOHEIL | lastname : unknown [0m
[34m >> [0m[32m added voice named 'Hello , its me' 
 with file_id AwACAgQAAxkBAAIDJF-efji7m_RfFh4O7SwiYC3zdvKsAAJ2KwUAAfuiAwe3o7-CdEaBLh4E [0m
[36m--------------------------------------------------------------------------------[0m[35m2020-11-01 12:52:40.281797[0m
[36m--------------------------------------------------------------------------------[0m
[33musername : SOHEILSH79 | firstname : SOHEIL | lastname : unknown [0m
[34m >> [0m[32m added voice named 'Hello , how are you' 
 with file_id AwACAgQAAxkBAAIDK1-efl_jE-Us9PM7vUhoN8ueErVUAAKSKwUAAfuiAwdAHyJzTlxi6x4E [0m
[36m--------------------------------------------------------------------------------[0m[35m2020-11-01 12:53:32.737652[0m
[36m--------------------------------------------------------------------------------[0m
[33musername : SOHEILSH79 | firstname : SOHEIL | lastname : unknown [0m
[34m >> [0m[32m added voice named 'Hello , can you hear me?' 
 with file_id AwACAgQAAxkBAAIDMl-efpOWVGCBzU2Q-iSCoXPKPTTmAAJ_KwUAAfuiAwfFipeiPbxPax4E [0m
[36m--------------------------------------------------------------------------------[0m[35m2020-11-01 12:56:25.716247[0m
[36m--------------------------------------------------------------------------------[0m
[33musername : SOHEILSH79 | firstname : SOHEIL | lastname : unknown [0m
[34m >> [0m[32m added voice named 'Ø§ÛŒÙ†Ø¬Ø§ Ø§ÛŒØ±Ø§Ù†Ù‡' 
 with file_id AwACAgQAAxkBAAIDOV-efz9qyeVnvxgZocJKvqu8pQqmAAKSAwACtWFJU3H6g-PBBAabHgQ [0m
[36m--------------------------------------------------------------------------------[0m[35m2020-11-01 12:57:44.983253[0m
[36m--------------------------------------------------------------------------------[0m
[33musername : SOHEILSH79 | firstname : SOHEIL | lastname : unknown [0m
[34m >> [0m[32m added voice named 'Ø§ÛŒÙ†Ø¬Ø§ Ø§ÛŒØ±Ø§Ù†Ù‡ ØŒ Ù‡ÙˆØ§ Ù¾Ø± Ø§Ø² Ø¯ÙˆØ¯Ù‡ ...' 
 with file_id AwACAgQAAxkBAAIDQF-ef4-3LUGQFp78Kk7mWgVq50eRAAKCAwACD41IU_a833jAkq0NHgQ [0m
[36m--------------------------------------------------------------------------------[0m[35m2020-11-01 12:58:49.783599[0m
[36m--------------------------------------------------------------------------------[0m
[33musername : SOHEILSH79 | firstname : SOHEIL | lastname : unknown [0m
[34m >> [0m[32m added voice named 'Ø§Ø­Ø³Ù†Øª' 
 with file_id AwACAgQAAxkBAAIDR1-ef9Bk0QkwjXY2w__NVxmIQcUBAAKHBQACyGHJUFMV_-4h3uOPHgQ [0m
[36m--------------------------------------------------------------------------------[0m[35m2020-11-01 21:39:14.580713[0m
[36m--------------------------------------------------------------------------------[0m
[33musername : Hadis_prj | firstname : Hadis | lastname : unknown [0m
[34m >> [0m[32mSTARTS[0m
[36m--------------------------------------------------------------------------------[0m[35m2020-11-01 21:45:05.510315[0m
[36m--------------------------------------------------------------------------------[0m
[33musername : SOHEILSH79 | firstname : SOHEIL | lastname : unknown [0m
[34m >> [0m[32mSTARTS[0m
[36m--------------------------------------------------------------------------------[0m[35m2020-11-01 21:45:19.402619[0m
[36m--------------------------------------------------------------------------------[0m
[33musername : Hadis_prj | firstname : Hadis | lastname : unknown [0m
[34m >> [0m[32m added voice named 'Hello' 
 with file_id AwACAgQAAxkBAAIDVF-e-zZ662cDWla4BvogG3otv5umAAKGIwACf0OhUPlSPUnYjmtRHgQ [0m
[36m--------------------------------------------------------------------------------[0m[35m2020-11-01 22:06:48.266293[0m
[36m--------------------------------------------------------------------------------[0m
[33musername : Hadis_prj | firstname : Hadis | lastname : unknown [0m
[34m >> [0m[32m added voice named 'i dont think so' 
 with file_id AwACAgQAAxkBAAIDcV-fAAE_Oz1RaoC7et-JIVZM0z444wAC-j0AAgKi-VDu9y47z-KlCx4E [0m
[36m--------------------------------------------------------------------------------[0m[35m2020-11-01 22:24:19.620897[0m
[36m--------------------------------------------------------------------------------[0m
[33musername : SOHEILSH79 | firstname : SOHEIL | lastname : unknown [0m
[34m >> [0m[32mSTARTS[0m
[36m--------------------------------------------------------------------------------[0m[35m2020-11-01 22:24:46.131550[0m
[36m--------------------------------------------------------------------------------[0m
[33musername : SOHEILSH79 | firstname : SOHEIL | lastname : unknown [0m
[34m >> [0m[32m added voice named 'Ú†Ù‡ Ø¯Ù„Ù†ÙˆØ§Ø² Ø§ÙˆÙ…Ø¯Ù… ...' 
 with file_id AwACAgQAAxkBAAIDe1-fBHLBvQ148MG1YWuXZz8eU1KUAAJgBQACTutAUv_bFxvPy-ywHgQ [0m
[36m--------------------------------------------------------------------------------[0m[35m2020-11-01 22:26:12.776780[0m
[36m--------------------------------------------------------------------------------[0m
[33musername : SOHEILSH79 | firstname : SOHEIL | lastname : unknown [0m
[34m >> [0m[32m added voice named 'Ø§ÙˆÙ…Ø¯Ù…' 
 with file_id AwACAgQAAxkBAAIDgl-fBL_jjr96e5b76JXKbAFsk0lyAAJgBQACTutAUv_bFxvPy-ywHgQ [0m
[36m--------------------------------------------------------------------------------[0m[35m2020-11-02 08:02:11.301123[0m
[36m--------------------------------------------------------------------------------[0m
[33musername : SOHEILSH79 | firstname : SOHEIL | lastname : unknown [0m
[34m >> [0m[32m added voice named 'you don't keep me waiting' 
 with file_id AwACAgQAAxkBAAIDv1-fi8kRIAG4_betX2LM6Dcd1C1ZAAKBFwUAAfuiAwcmQ22moyJruR4E [0m
[36m--------------------------------------------------------------------------------[0m[35m2020-11-02 10:40:31.892811[0m
[36m--------------------------------------------------------------------------------[0m
[33musername : Hadis_prj | firstname : Hadis | lastname : unknown [0m
[34m >> [0m[32m added voice named 'i can't believe' 
 with file_id AwACAgQAAxkBAAIDxV-fsOUsR1SukY8HOLwI9i5aT39FAAIIGQACAqIBUa0-WhuyX9VWHgQ [0m
[36m--------------------------------------------------------------------------------[0m[35m2020-11-02 11:14:54.751086[0m
[36m--------------------------------------------------------------------------------[0m
[33musername : SOHEILSH79 | firstname : SOHEIL | lastname : unknown [0m
[34m >> [0m[32m added voice named 'Ø¨Ø§ÙˆØ± Ú©Ù†' 
 with file_id AwACAgQAAxkBAAIDy1-fuPWuHo7qZVAFFk8_D5eaZXgqAAJxAwACqAUhUZypA1iiJ1aGHgQ [0m
[36m--------------------------------------------------------------------------------[0m[35m2020-11-02 11:46:59.608379[0m
[36m--------------------------------------------------------------------------------[0m
[33musername : SOHEILSH79 | firstname : SOHEIL | lastname : unknown [0m
[34m >> [0m[32m added voice named 'Ø§ÙˆÙ† Ø®ÙˆØ¨Ù‡ ØŒ Ø§ÛŒÙ† Ø®ÙˆØ¨Ù‡ ...' 
 with file_id AwACAgQAAxkBAAID11-fwHnAj0vVIpy4ti2N1bjnVZs0AAJiBQAC0H95UANo-SmujhQ-HgQ [0m
[36m--------------------------------------------------------------------------------[0m[35m2020-11-02 12:02:55.614463[0m
[36m--------------------------------------------------------------------------------[0m
[33musername : SOHEILSH79 | firstname : SOHEIL | lastname : unknown [0m
[34m >> [0m[32m added voice named 'ØªØ§Ø±ÛŒØ® Ø§Ù…Ø§ ÛŒØ§Ø¯ Ø¯Ø§Ø±Ø¯' 
 with file_id AwACAgQAAxkBAAID3V-fxDaXoz9obyhivmAt5ETSA0h_AALSAwACFwohUOLJqaomL12RHgQ [0m
[36m--------------------------------------------------------------------------------[0m[35m2020-11-02 18:57:22.952106[0m
[36m--------------------------------------------------------------------------------[0m
[33musername : parniansfn | firstname : Prn | lastname : Sfn[0m
[34m >> [0m[32mSTARTS[0m
[36m--------------------------------------------------------------------------------[0m[35m2020-11-30 13:20:00.501825[0m
[36m--------------------------------------------------------------------------------[0m
[33musername : kafagsa | firstname : !? | lastname : !?[0m
[34m >> [0m[32mSTARTS[0m
[36m--------------------------------------------------------------------------------[0m[35m2020-11-30 13:21:42.640991[0m
[36m--------------------------------------------------------------------------------[0m
[33musername : kafagsa | firstname : !? | lastname : !?[0m
[34m >> [0m[32m added voice named 'Ø³ÙˆØ²Ù…Ø§Ø²' 
 with file_id AwACAgQAAxkBAAID7F_EwHur32CVY7tpnemuuU2mpaJvAAJhBwAC9_7gUwnzp5gJ6jzlHgQ [0m
[36m--------------------------------------------------------------------------------[0m[35m2020-11-30 13:23:22.759715[0m
[36m--------------------------------------------------------------------------------[0m
[33musername : kafagsa | firstname : !? | lastname : !?[0m
[34m >> [0m[32mSTARTS[0m
[36m--------------------------------------------------------------------------------[0m[35m2020-11-30 17:09:48.707324[0m
[36m--------------------------------------------------------------------------------[0m
[33musername : kafagsa | firstname : !? | lastname : !?[0m
[34m >> [0m[32mSTARTS[0m
[36m--------------------------------------------------------------------------------[0m[35m2020-11-30 17:42:24.366051[0m
[36m--------------------------------------------------------------------------------[0m
[33musername : kafagsa | firstname : !? | lastname : !?[0m
[34m >> [0m[32m added voice named 'Ø³Ù„Ø§Ù… Ø³Ù„Ø§Ù…' 
 with file_id AwACAgQAAxkBAAIEAAFfxP3GZfTBWQMcPw_-uqFuKe0EgwACrI8EAAH7ogMHczEtAm7h1t8eBA [0m
[36m--------------------------------------------------------------------------------[0m[35m2020-11-30 17:43:40.888119[0m
[36m--------------------------------------------------------------------------------[0m
[33musername : kafagsa | firstname : !? | lastname : !?[0m
[34m >> [0m[32m added voice named 'Ù…ÛŒÙ…ÛŒØ±ÛŒ Ú©Ø³ Ù†Ú¯ÛŒ' 
 with file_id AwACAgQAAxkBAAIEBl_E_hPpT9IiyuTCMQJUtnjEz_7rAALwBQACuLPYUzW7suUNeBa3HgQ [0m
[36m--------------------------------------------------------------------------------[0m[35m2020-11-30 17:46:18.900235[0m
[36m--------------------------------------------------------------------------------[0m
[33musername : kafagsa | firstname : !? | lastname : !?[0m
[34m >> [0m[32m added voice named 'Ø®Ø§ÛŒÙ‡ Ù…Ø§Ù„Ùˆ Ø³Ú¯ Ú¯Ø§Ø§Ø§ÛŒÛŒØ¯' 
 with file_id AwACAgQAAxkBAAIEDF_E_rH4k7jAlMHU0TCPhc0tE4GZAAJnCQACnJ1xUH_waQNP7NhwHgQ [0m
[36m--------------------------------------------------------------------------------[0m[35m2020-11-30 17:49:46.123849[0m
[36m--------------------------------------------------------------------------------[0m
[33musername : kafagsa | firstname : !? | lastname : !?[0m
[34m >> [0m[32m added voice named 'Ù…Ø±Ú¯ Ø¨Ø± Ø¢Ù…Ø±ÛŒÚ©Ø§' 
 with file_id AwACAgQAAxkBAAIEEl_E_4DDqNJzG2M6iFC_BQ2RkDe6AALMCAACajsZUMTln8itsB_RHgQ [0m
[36m--------------------------------------------------------------------------------[0m[35m2020-11-30 17:51:40.480725[0m
[36m--------------------------------------------------------------------------------[0m
[33musername : kafagsa | firstname : !? | lastname : !?[0m
[34m >> [0m[32m added voice named 'JirJirak's voice' 
 with file_id AwACAgQAAxkBAAIEGF_E__MDIK1w5FfC8APG1tg8QFakAAIXCAACQQ0hUKOpj5PRH9p6HgQ [0m
[36m--------------------------------------------------------------------------------[0m[35m2020-11-30 17:55:37.792870[0m
[36m--------------------------------------------------------------------------------[0m
[33musername : kafagsa | firstname : !? | lastname : !?[0m
[34m >> [0m[32m added voice named 'bug finder' 
 with file_id AwACAgQAAxkBAAIEH1_FAAHgmFYO19NTuDW5OBA_Ok3ejgAC8OUJAAH7ogMH1KQw3ETE_igeBA [0m
[36m--------------------------------------------------------------------------------[0m